#
# A fatal error has been detected by the Java Runtime Environment:
#
#  EXCEPTION_ACCESS_VIOLATION (0xc0000005) at pc=0x0000000055ccff5e, pid=3028, tid=0x000000000000232c
#
# JRE version: Java(TM) SE Runtime Environment (8.0_161-b12) (build 1.8.0_161-b12)
# Java VM: Java HotSpot(TM) 64-Bit Server VM (25.161-b12 mixed mode windows-amd64 compressed oops)
# Problematic frame:
# V  [jvm.dll+0x10ff5e]
#
# Failed to write core dump. Minidumps are not enabled by default on client versions of Windows
#
# If you would like to submit a bug report, please visit:
#   http://bugreport.java.com/bugreport/crash.jsp
#

---------------  T H R E A D  ---------------

Current thread (0x00000000032ba800):  ConcurrentGCThread [stack: 0x0000000013290000,0x0000000013390000] [id=9004]

siginfo: ExceptionCode=0xc0000005, reading address 0x0000000000000140

Registers:
RAX=0x00000000032c0800, RBX=0x000000001338fa20, RCX=0x0000000000000000, RDX=0x00000000000008fc
RSP=0x000000001338f8b0, RBP=0x00000000c1551928, RSI=0x0000000100222b08, RDI=0x00000000c1551920
R8 =0x000000008fcf64f0, R9 =0x000000000000000d, R10=0x0000000000000001, R11=0xffffffffffffe000
R12=0x0000000100222b10, R13=0x00000000c1551910, R14=0x00000001002228d8, R15=0x000000001338fae0
RIP=0x0000000055ccff5e, EFLAGS=0x0000000000010207

Top of Stack: (sp=0x000000001338f8b0)
0x000000001338f8b0:   000000001338fa20 0000000055f5f685
0x000000001338f8c0:   00000000c155190c 00000000c15518e4
0x000000001338f8d0:   000000001338fae0 0000000055cc99b0
0x000000001338f8e0:   00000000c1551920 0000000055f5f60d
0x000000001338f8f0:   00000000c1551910 00000000c151abf8
0x000000001338f900:   00000000c1551800 00000000c1551a00
0x000000001338f910:   000000001338fa10 0000000055fa9c0e
0x000000001338f920:   00000000c1551918 000000000336bbb0
0x000000001338f930:   00000000c1551910 00000000c1551928
0x000000001338f940:   00000000014a0cc0 0000000000000008
0x000000001338f950:   00000000c1551a00 0000000000000040
0x000000001338f960:   0000000000000000 0000000000000140
0x000000001338f970:   00000000c1500000 0000000000020000
0x000000001338f980:   00000000c1551800 0000000000000040
0x000000001338f990:   0000000000000005 0000000000000000
0x000000001338f9a0:   00000000c1551800 000000001338fac0 

Instructions: (pc=0x0000000055ccff5e)
0x0000000055ccff3e:   84 82 00 00 00 48 8b 43 18 49 8b d0 8b 88 80 01
0x0000000055ccff4e:   00 00 48 8b 80 70 01 00 00 48 d3 ea 48 8b 0c d0
0x0000000055ccff5e:   8b 81 40 01 00 00 83 f8 05 75 07 48 8b 89 48 01
0x0000000055ccff6e:   00 00 48 39 4b 28 74 4f 80 7b 38 00 74 2f 80 b9 


Register to memory mapping:

RAX=0x00000000032c0800 is an unknown value
RBX=0x000000001338fa20 is an unknown value
RCX=0x0000000000000000 is an unknown value
RDX=0x00000000000008fc is an unknown value
RSP=0x000000001338f8b0 is an unknown value
RBP=0x00000000c1551928 is an oop
com.google.inject.internal.MoreTypes$ParameterizedTypeImpl 
 - klass: 'com/google/inject/internal/MoreTypes$ParameterizedTypeImpl'
RSI=0x0000000100222b08 is pointing into metadata
RDI=0x00000000c1551920 is pointing into object: 0x00000000c1551910
com.google.inject.TypeLiteral 
 - klass: 'com/google/inject/TypeLiteral'
R8 =0x000000008fcf64f0 is an unknown value
R9 =0x000000000000000d is an unknown value
R10=0x0000000000000001 is an unknown value
R11=0xffffffffffffe000 is an unknown value
R12=0x0000000100222b10 is pointing into metadata
R13=0x00000000c1551910 is an oop
com.google.inject.TypeLiteral 
 - klass: 'com/google/inject/TypeLiteral'
R14=0x00000001002228d8 is pointing into metadata
R15=0x000000001338fae0 is an unknown value


Stack: [0x0000000013290000,0x0000000013390000],  sp=0x000000001338f8b0,  free space=1022k
Native frames: (J=compiled Java code, j=interpreted, Vv=VM code, C=native code)
V  [jvm.dll+0x10ff5e]
V  [jvm.dll+0x1099b0]
V  [jvm.dll+0x3e9c0e]
V  [jvm.dll+0x3e1c16]
V  [jvm.dll+0x3c8720]
V  [jvm.dll+0x3c5161]
V  [jvm.dll+0x3c55ea]
V  [jvm.dll+0x3c5661]
V  [jvm.dll+0x3bd160]
V  [jvm.dll+0x29cc4a]
C  [msvcr100.dll+0x21d9f]
C  [msvcr100.dll+0x21e3b]
C  [KERNEL32.DLL+0x13034]
C  [ntdll.dll+0x73691]


---------------  P R O C E S S  ---------------

Java Threads: ( => current thread )
  0x000000001c73d000 JavaThread "Worker-4" [_thread_blocked, id=6060, stack(0x00000000210a0000,0x00000000211a0000)]
  0x000000001c73c800 JavaThread "Worker-3" [_thread_blocked, id=8412, stack(0x000000001ffd0000,0x00000000200d0000)]
  0x000000001c743000 JavaThread "Worker-2: Initialize Workspace" [_thread_blocked, id=12216, stack(0x000000001fc40000,0x000000001fd40000)]
  0x000000001c741000 JavaThread "pool-1-thread-1" [_thread_in_native, id=3060, stack(0x000000001e670000,0x000000001e770000)]
  0x000000001c73e800 JavaThread "pool-2-thread-1" [_thread_blocked, id=12224, stack(0x000000001e300000,0x000000001e400000)]
  0x000000001c742800 JavaThread "Bundle File Closer" daemon [_thread_blocked, id=7908, stack(0x000000001dc00000,0x000000001dd00000)]
  0x000000001b299800 JavaThread "Worker-1: Updating Maven Dependencies" [_thread_blocked, id=12240, stack(0x000000001db00000,0x000000001dc00000)]
  0x000000001b298800 JavaThread "Java indexing" daemon [_thread_blocked, id=3624, stack(0x000000001da00000,0x000000001db00000)]
  0x000000001b562800 JavaThread "Worker-0: Repository registry initialization" [_thread_in_native, id=11812, stack(0x000000001d500000,0x000000001d600000)]
  0x000000001b275800 JavaThread "Worker-JM" [_thread_blocked, id=1272, stack(0x000000001d200000,0x000000001d300000)]
  0x000000001ab9c000 JavaThread "Resolver thread - Equinox Container: 8c7034e9-6808-4276-9179-694532f7a437" daemon [_thread_blocked, id=6328, stack(0x000000001bca0000,0x000000001bda0000)]
  0x000000001ab55800 JavaThread "Refresh Thread: Equinox Container: 8c7034e9-6808-4276-9179-694532f7a437" daemon [_thread_blocked, id=2560, stack(0x000000001bb80000,0x000000001bc80000)]
  0x000000001a2c1800 JavaThread "Start Level: Equinox Container: 8c7034e9-6808-4276-9179-694532f7a437" daemon [_thread_blocked, id=12368, stack(0x000000001ba80000,0x000000001bb80000)]
  0x0000000019fcf800 JavaThread "Framework Event Dispatcher: Equinox Container: 8c7034e9-6808-4276-9179-694532f7a437" daemon [_thread_blocked, id=10068, stack(0x000000001b880000,0x000000001b980000)]
  0x000000001a028800 JavaThread "Active Thread: Equinox Container: 8c7034e9-6808-4276-9179-694532f7a437" [_thread_blocked, id=5296, stack(0x000000001a7b0000,0x000000001a8b0000)]
  0x000000001a0bd000 JavaThread "Resolver thread - Equinox Container: 8c7034e9-6808-4276-9179-694532f7a437" daemon [_thread_blocked, id=6960, stack(0x000000001a6b0000,0x000000001a7b0000)]
  0x000000001a0ba800 JavaThread "Resolver thread - Equinox Container: 8c7034e9-6808-4276-9179-694532f7a437" daemon [_thread_blocked, id=10912, stack(0x000000001a5b0000,0x000000001a6b0000)]
  0x000000001903f800 JavaThread "Service Thread" daemon [_thread_blocked, id=3332, stack(0x0000000019ae0000,0x0000000019be0000)]
  0x0000000018fd3800 JavaThread "C1 CompilerThread2" daemon [_thread_blocked, id=668, stack(0x00000000199e0000,0x0000000019ae0000)]
  0x0000000018fbf800 JavaThread "C2 CompilerThread1" daemon [_thread_in_native, id=5344, stack(0x00000000198e0000,0x00000000199e0000)]
  0x0000000018fbf000 JavaThread "C2 CompilerThread0" daemon [_thread_blocked, id=11924, stack(0x00000000197e0000,0x00000000198e0000)]
  0x0000000018fbe000 JavaThread "Attach Listener" daemon [_thread_blocked, id=6116, stack(0x00000000196e0000,0x00000000197e0000)]
  0x0000000018fbb000 JavaThread "Signal Dispatcher" daemon [_thread_blocked, id=11052, stack(0x00000000195e0000,0x00000000196e0000)]
  0x0000000018fa8800 JavaThread "Surrogate Locker Thread (Concurrent GC)" daemon [_thread_blocked, id=4576, stack(0x00000000194e0000,0x00000000195e0000)]
  0x0000000018f30800 JavaThread "Finalizer" daemon [_thread_blocked, id=8548, stack(0x00000000193e0000,0x00000000194e0000)]
  0x0000000018f28000 JavaThread "Reference Handler" daemon [_thread_blocked, id=11972, stack(0x00000000192e0000,0x00000000193e0000)]
  0x0000000003292800 JavaThread "main" [_thread_blocked, id=13296, stack(0x0000000003110000,0x0000000003210000)]

Other Threads:
  0x0000000018f24800 VMThread [stack: 0x00000000191e0000,0x00000000192e0000] [id=1692]
  0x0000000019065000 WatcherThread [stack: 0x0000000019be0000,0x0000000019ce0000] [id=7996]

=>0x00000000032ba800 (exited) ConcurrentGCThread [stack: 0x0000000013290000,0x0000000013390000] [id=9004]

VM state:not at safepoint (normal execution)

VM Mutex/Monitor currently owned by a thread: None

Heap:
 garbage-first heap   total 262144K, used 36864K [0x00000000c0000000, 0x00000000c0100800, 0x0000000100000000)
  region size 1024K, 5 young (5120K), 3 survivors (3072K)
 Metaspace       used 33990K, capacity 35898K, committed 36176K, reserved 1081344K
  class space    used 3752K, capacity 4380K, committed 4432K, reserved 1048576K

Heap Regions: (Y=young(eden), SU=young(survivor), HS=humongous(starts), HC=humongous(continues), CS=collection set, F=free, TS=gc time stamp, PTAMS=previous top-at-mark-start, NTAMS=next top-at-mark-start)
AC   0  O    TS     0 PTAMS 0x00000000c0100000 NTAMS 0x00000000c0100000 space 1024K, 100% used [0x00000000c0000000, 0x00000000c0100000)
AC   0  O    TS     0 PTAMS 0x00000000c0200000 NTAMS 0x00000000c0200000 space 1024K, 100% used [0x00000000c0100000, 0x00000000c0200000)
AC   0  O    TS     0 PTAMS 0x00000000c0300000 NTAMS 0x00000000c0300000 space 1024K, 100% used [0x00000000c0200000, 0x00000000c0300000)
AC   0  O    TS     0 PTAMS 0x00000000c0400000 NTAMS 0x00000000c0400000 space 1024K, 100% used [0x00000000c0300000, 0x00000000c0400000)
AC   0  O    TS     1 PTAMS 0x00000000c0400000 NTAMS 0x00000000c0500000 space 1024K, 100% used [0x00000000c0400000, 0x00000000c0500000)
AC   0  O    TS     0 PTAMS 0x00000000c0600000 NTAMS 0x00000000c0600000 space 1024K, 100% used [0x00000000c0500000, 0x00000000c0600000)
AC   0  O    TS     0 PTAMS 0x00000000c0700000 NTAMS 0x00000000c0700000 space 1024K, 100% used [0x00000000c0600000, 0x00000000c0700000)
AC   0  O    TS     1 PTAMS 0x00000000c0700000 NTAMS 0x00000000c0800000 space 1024K, 100% used [0x00000000c0700000, 0x00000000c0800000)
AC   0  O    TS     1 PTAMS 0x00000000c0800000 NTAMS 0x00000000c0900000 space 1024K, 100% used [0x00000000c0800000, 0x00000000c0900000)
AC   0  O    TS     1 PTAMS 0x00000000c0900000 NTAMS 0x00000000c0a00000 space 1024K, 100% used [0x00000000c0900000, 0x00000000c0a00000)
AC   0  O    TS     1 PTAMS 0x00000000c0a00000 NTAMS 0x00000000c0b00000 space 1024K, 100% used [0x00000000c0a00000, 0x00000000c0b00000)
AC   0  O    TS     1 PTAMS 0x00000000c0b00000 NTAMS 0x00000000c0c00000 space 1024K, 100% used [0x00000000c0b00000, 0x00000000c0c00000)
AC   0  O    TS     1 PTAMS 0x00000000c0c00000 NTAMS 0x00000000c0d00000 space 1024K, 100% used [0x00000000c0c00000, 0x00000000c0d00000)
AC   0  O    TS     1 PTAMS 0x00000000c0d00000 NTAMS 0x00000000c0e00000 space 1024K, 100% used [0x00000000c0d00000, 0x00000000c0e00000)
AC   0  O    TS     1 PTAMS 0x00000000c0e00000 NTAMS 0x00000000c0f00000 space 1024K, 100% used [0x00000000c0e00000, 0x00000000c0f00000)
AC   0  O    TS     1 PTAMS 0x00000000c0f00000 NTAMS 0x00000000c1000000 space 1024K, 100% used [0x00000000c0f00000, 0x00000000c1000000)
AC   0  O    TS     1 PTAMS 0x00000000c1000000 NTAMS 0x00000000c1100000 space 1024K, 100% used [0x00000000c1000000, 0x00000000c1100000)
AC   0  O    TS     1 PTAMS 0x00000000c1100000 NTAMS 0x00000000c1200000 space 1024K, 100% used [0x00000000c1100000, 0x00000000c1200000)
AC   0  O    TS     3 PTAMS 0x00000000c1200000 NTAMS 0x00000000c1300000 space 1024K, 100% used [0x00000000c1200000, 0x00000000c1300000)
AC   0  O    TS     3 PTAMS 0x00000000c1300000 NTAMS 0x00000000c1400000 space 1024K, 100% used [0x00000000c1300000, 0x00000000c1400000)
AC   0  O    TS     3 PTAMS 0x00000000c1400000 NTAMS 0x00000000c1500000 space 1024K, 100% used [0x00000000c1400000, 0x00000000c1500000)
AC   0  O    TS     3 PTAMS 0x00000000c1500000 NTAMS 0x00000000c1600000 space 1024K, 100% used [0x00000000c1500000, 0x00000000c1600000)
AC   0  O    TS     3 PTAMS 0x00000000c1600000 NTAMS 0x00000000c1700000 space 1024K, 100% used [0x00000000c1600000, 0x00000000c1700000)
AC   0  O    TS     3 PTAMS 0x00000000c1700000 NTAMS 0x00000000c1800000 space 1024K, 100% used [0x00000000c1700000, 0x00000000c1800000)
AC   0  O    TS     3 PTAMS 0x00000000c1800000 NTAMS 0x00000000c1900000 space 1024K, 100% used [0x00000000c1800000, 0x00000000c1900000)
AC   0  O    TS     3 PTAMS 0x00000000c1900000 NTAMS 0x00000000c1a00000 space 1024K, 100% used [0x00000000c1900000, 0x00000000c1a00000)
AC   0  O    TS     3 PTAMS 0x00000000c1a00000 NTAMS 0x00000000c1b00000 space 1024K, 100% used [0x00000000c1a00000, 0x00000000c1b00000)
AC   0  O    TS     3 PTAMS 0x00000000c1b00000 NTAMS 0x00000000c1c00000 space 1024K, 100% used [0x00000000c1b00000, 0x00000000c1c00000)
AC   0  O    TS     3 PTAMS 0x00000000c1c00000 NTAMS 0x00000000c1d00000 space 1024K, 100% used [0x00000000c1c00000, 0x00000000c1d00000)
AC   0  O    TS     3 PTAMS 0x00000000c1d00000 NTAMS 0x00000000c1e00000 space 1024K, 100% used [0x00000000c1d00000, 0x00000000c1e00000)
AC   0  O    TS     3 PTAMS 0x00000000c1e00000 NTAMS 0x00000000c1f00000 space 1024K, 100% used [0x00000000c1e00000, 0x00000000c1f00000)
AC   0  O    TS     3 PTAMS 0x00000000c1f00000 NTAMS 0x00000000c2000000 space 1024K, 100% used [0x00000000c1f00000, 0x00000000c2000000)
AC   0  O    TS     3 PTAMS 0x00000000c2000000 NTAMS 0x00000000c2080008 space 1024K,  50% used [0x00000000c2000000, 0x00000000c2100000)
AC   0  F    TS     0 PTAMS 0x00000000c2100000 NTAMS 0x00000000c2100000 space 1024K,   0% used [0x00000000c2100000, 0x00000000c2200000)
AC   0  F    TS     0 PTAMS 0x00000000c2200000 NTAMS 0x00000000c2200000 space 1024K,   0% used [0x00000000c2200000, 0x00000000c2300000)
AC   0  F    TS     0 PTAMS 0x00000000c2300000 NTAMS 0x00000000c2300000 space 1024K,   0% used [0x00000000c2300000, 0x00000000c2400000)
AC   0  F    TS     0 PTAMS 0x00000000c2400000 NTAMS 0x00000000c2400000 space 1024K,   0% used [0x00000000c2400000, 0x00000000c2500000)
AC   0  F    TS     0 PTAMS 0x00000000c2500000 NTAMS 0x00000000c2500000 space 1024K,   0% used [0x00000000c2500000, 0x00000000c2600000)
AC   0  F    TS     0 PTAMS 0x00000000c2600000 NTAMS 0x00000000c2600000 space 1024K,   0% used [0x00000000c2600000, 0x00000000c2700000)
AC   0  F    TS     0 PTAMS 0x00000000c2700000 NTAMS 0x00000000c2700000 space 1024K,   0% used [0x00000000c2700000, 0x00000000c2800000)
AC   0  F    TS     0 PTAMS 0x00000000c2800000 NTAMS 0x00000000c2800000 space 1024K,   0% used [0x00000000c2800000, 0x00000000c2900000)
AC   0  F    TS     0 PTAMS 0x00000000c2900000 NTAMS 0x00000000c2900000 space 1024K,   0% used [0x00000000c2900000, 0x00000000c2a00000)
AC   0  F    TS     0 PTAMS 0x00000000c2a00000 NTAMS 0x00000000c2a00000 space 1024K,   0% used [0x00000000c2a00000, 0x00000000c2b00000)
AC   0  F    TS     0 PTAMS 0x00000000c2b00000 NTAMS 0x00000000c2b00000 space 1024K,   0% used [0x00000000c2b00000, 0x00000000c2c00000)
AC   0  F    TS     0 PTAMS 0x00000000c2c00000 NTAMS 0x00000000c2c00000 space 1024K,   0% used [0x00000000c2c00000, 0x00000000c2d00000)
AC   0  F    TS     0 PTAMS 0x00000000c2d00000 NTAMS 0x00000000c2d00000 space 1024K,   0% used [0x00000000c2d00000, 0x00000000c2e00000)
AC   0  F    TS     0 PTAMS 0x00000000c2e00000 NTAMS 0x00000000c2e00000 space 1024K,   0% used [0x00000000c2e00000, 0x00000000c2f00000)
AC   0  F    TS     0 PTAMS 0x00000000c2f00000 NTAMS 0x00000000c2f00000 space 1024K,   0% used [0x00000000c2f00000, 0x00000000c3000000)
AC   0  F    TS     0 PTAMS 0x00000000c3000000 NTAMS 0x00000000c3000000 space 1024K,   0% used [0x00000000c3000000, 0x00000000c3100000)
AC   0  F    TS     0 PTAMS 0x00000000c3100000 NTAMS 0x00000000c3100000 space 1024K,   0% used [0x00000000c3100000, 0x00000000c3200000)
AC   0  F    TS     0 PTAMS 0x00000000c3200000 NTAMS 0x00000000c3200000 space 1024K,   0% used [0x00000000c3200000, 0x00000000c3300000)
AC   0  F    TS     0 PTAMS 0x00000000c3300000 NTAMS 0x00000000c3300000 space 1024K,   0% used [0x00000000c3300000, 0x00000000c3400000)
AC   0  F    TS     0 PTAMS 0x00000000c3400000 NTAMS 0x00000000c3400000 space 1024K,   0% used [0x00000000c3400000, 0x00000000c3500000)
AC   0  F    TS     0 PTAMS 0x00000000c3500000 NTAMS 0x00000000c3500000 space 1024K,   0% used [0x00000000c3500000, 0x00000000c3600000)
AC   0  F    TS     0 PTAMS 0x00000000c3600000 NTAMS 0x00000000c3600000 space 1024K,   0% used [0x00000000c3600000, 0x00000000c3700000)
AC   0  F    TS     0 PTAMS 0x00000000c3700000 NTAMS 0x00000000c3700000 space 1024K,   0% used [0x00000000c3700000, 0x00000000c3800000)
AC   0  F    TS     0 PTAMS 0x00000000c3800000 NTAMS 0x00000000c3800000 space 1024K,   0% used [0x00000000c3800000, 0x00000000c3900000)
AC   0  F    TS     0 PTAMS 0x00000000c3900000 NTAMS 0x00000000c3900000 space 1024K,   0% used [0x00000000c3900000, 0x00000000c3a00000)
AC   0  F    TS     0 PTAMS 0x00000000c3a00000 NTAMS 0x00000000c3a00000 space 1024K,   0% used [0x00000000c3a00000, 0x00000000c3b00000)
AC   0  F    TS     0 PTAMS 0x00000000c3b00000 NTAMS 0x00000000c3b00000 space 1024K,   0% used [0x00000000c3b00000, 0x00000000c3c00000)
AC   0  F    TS     0 PTAMS 0x00000000c3c00000 NTAMS 0x00000000c3c00000 space 1024K,   0% used [0x00000000c3c00000, 0x00000000c3d00000)
AC   0  F    TS     0 PTAMS 0x00000000c3d00000 NTAMS 0x00000000c3d00000 space 1024K,   0% used [0x00000000c3d00000, 0x00000000c3e00000)
AC   0  F    TS     0 PTAMS 0x00000000c3e00000 NTAMS 0x00000000c3e00000 space 1024K,   0% used [0x00000000c3e00000, 0x00000000c3f00000)
AC   0  F    TS     0 PTAMS 0x00000000c3f00000 NTAMS 0x00000000c3f00000 space 1024K,   0% used [0x00000000c3f00000, 0x00000000c4000000)
AC   0  F    TS     0 PTAMS 0x00000000c4000000 NTAMS 0x00000000c4000000 space 1024K,   0% used [0x00000000c4000000, 0x00000000c4100000)
AC   0  F    TS     0 PTAMS 0x00000000c4100000 NTAMS 0x00000000c4100000 space 1024K,   0% used [0x00000000c4100000, 0x00000000c4200000)
AC   0  F    TS     0 PTAMS 0x00000000c4200000 NTAMS 0x00000000c4200000 space 1024K,   0% used [0x00000000c4200000, 0x00000000c4300000)
AC   0  F    TS     0 PTAMS 0x00000000c4300000 NTAMS 0x00000000c4300000 space 1024K,   0% used [0x00000000c4300000, 0x00000000c4400000)
AC   0  F    TS     0 PTAMS 0x00000000c4400000 NTAMS 0x00000000c4400000 space 1024K,   0% used [0x00000000c4400000, 0x00000000c4500000)
AC   0  F    TS     0 PTAMS 0x00000000c4500000 NTAMS 0x00000000c4500000 space 1024K,   0% used [0x00000000c4500000, 0x00000000c4600000)
AC   0  F    TS     0 PTAMS 0x00000000c4600000 NTAMS 0x00000000c4600000 space 1024K,   0% used [0x00000000c4600000, 0x00000000c4700000)
AC   0  F    TS     0 PTAMS 0x00000000c4700000 NTAMS 0x00000000c4700000 space 1024K,   0% used [0x00000000c4700000, 0x00000000c4800000)
AC   0  F    TS     0 PTAMS 0x00000000c4800000 NTAMS 0x00000000c4800000 space 1024K,   0% used [0x00000000c4800000, 0x00000000c4900000)
AC   0  F    TS     0 PTAMS 0x00000000c4900000 NTAMS 0x00000000c4900000 space 1024K,   0% used [0x00000000c4900000, 0x00000000c4a00000)
AC   0  F    TS     0 PTAMS 0x00000000c4a00000 NTAMS 0x00000000c4a00000 space 1024K,   0% used [0x00000000c4a00000, 0x00000000c4b00000)
AC   0  F    TS     0 PTAMS 0x00000000c4b00000 NTAMS 0x00000000c4b00000 space 1024K,   0% used [0x00000000c4b00000, 0x00000000c4c00000)
AC   0  F    TS     0 PTAMS 0x00000000c4c00000 NTAMS 0x00000000c4c00000 space 1024K,   0% used [0x00000000c4c00000, 0x00000000c4d00000)
AC   0  F    TS     0 PTAMS 0x00000000c4d00000 NTAMS 0x00000000c4d00000 space 1024K,   0% used [0x00000000c4d00000, 0x00000000c4e00000)
AC   0  F    TS     0 PTAMS 0x00000000c4e00000 NTAMS 0x00000000c4e00000 space 1024K,   0% used [0x00000000c4e00000, 0x00000000c4f00000)
AC   0  F    TS     0 PTAMS 0x00000000c4f00000 NTAMS 0x00000000c4f00000 space 1024K,   0% used [0x00000000c4f00000, 0x00000000c5000000)
AC   0  F    TS     0 PTAMS 0x00000000c5000000 NTAMS 0x00000000c5000000 space 1024K,   0% used [0x00000000c5000000, 0x00000000c5100000)
AC   0  F    TS     0 PTAMS 0x00000000c5100000 NTAMS 0x00000000c5100000 space 1024K,   0% used [0x00000000c5100000, 0x00000000c5200000)
AC   0  F    TS     0 PTAMS 0x00000000c5200000 NTAMS 0x00000000c5200000 space 1024K,   0% used [0x00000000c5200000, 0x00000000c5300000)
AC   0  F    TS     0 PTAMS 0x00000000c5300000 NTAMS 0x00000000c5300000 space 1024K,   0% used [0x00000000c5300000, 0x00000000c5400000)
AC   0  F    TS     0 PTAMS 0x00000000c5400000 NTAMS 0x00000000c5400000 space 1024K,   0% used [0x00000000c5400000, 0x00000000c5500000)
AC   0  F    TS     0 PTAMS 0x00000000c5500000 NTAMS 0x00000000c5500000 space 1024K,   0% used [0x00000000c5500000, 0x00000000c5600000)
AC   0  F    TS     0 PTAMS 0x00000000c5600000 NTAMS 0x00000000c5600000 space 1024K,   0% used [0x00000000c5600000, 0x00000000c5700000)
AC   0  F    TS     0 PTAMS 0x00000000c5700000 NTAMS 0x00000000c5700000 space 1024K,   0% used [0x00000000c5700000, 0x00000000c5800000)
AC   0  F    TS     0 PTAMS 0x00000000c5800000 NTAMS 0x00000000c5800000 space 1024K,   0% used [0x00000000c5800000, 0x00000000c5900000)
AC   0  F    TS     0 PTAMS 0x00000000c5900000 NTAMS 0x00000000c5900000 space 1024K,   0% used [0x00000000c5900000, 0x00000000c5a00000)
AC   0  F    TS     0 PTAMS 0x00000000c5a00000 NTAMS 0x00000000c5a00000 space 1024K,   0% used [0x00000000c5a00000, 0x00000000c5b00000)
AC   0  F    TS     0 PTAMS 0x00000000c5b00000 NTAMS 0x00000000c5b00000 space 1024K,   0% used [0x00000000c5b00000, 0x00000000c5c00000)
AC   0  F    TS     0 PTAMS 0x00000000c5c00000 NTAMS 0x00000000c5c00000 space 1024K,   0% used [0x00000000c5c00000, 0x00000000c5d00000)
AC   0  F    TS     0 PTAMS 0x00000000c5d00000 NTAMS 0x00000000c5d00000 space 1024K,   0% used [0x00000000c5d00000, 0x00000000c5e00000)
AC   0  F    TS     0 PTAMS 0x00000000c5e00000 NTAMS 0x00000000c5e00000 space 1024K,   0% used [0x00000000c5e00000, 0x00000000c5f00000)
AC   0  F    TS     0 PTAMS 0x00000000c5f00000 NTAMS 0x00000000c5f00000 space 1024K,   0% used [0x00000000c5f00000, 0x00000000c6000000)
AC   0  F    TS     0 PTAMS 0x00000000c6000000 NTAMS 0x00000000c6000000 space 1024K,   0% used [0x00000000c6000000, 0x00000000c6100000)
AC   0  F    TS     0 PTAMS 0x00000000c6100000 NTAMS 0x00000000c6100000 space 1024K,   0% used [0x00000000c6100000, 0x00000000c6200000)
AC   0  F    TS     0 PTAMS 0x00000000c6200000 NTAMS 0x00000000c6200000 space 1024K,   0% used [0x00000000c6200000, 0x00000000c6300000)
AC   0  F    TS     0 PTAMS 0x00000000c6300000 NTAMS 0x00000000c6300000 space 1024K,   0% used [0x00000000c6300000, 0x00000000c6400000)
AC   0  F    TS     0 PTAMS 0x00000000c6400000 NTAMS 0x00000000c6400000 space 1024K,   0% used [0x00000000c6400000, 0x00000000c6500000)
AC   0  F    TS     0 PTAMS 0x00000000c6500000 NTAMS 0x00000000c6500000 space 1024K,   0% used [0x00000000c6500000, 0x00000000c6600000)
AC   0  F    TS     0 PTAMS 0x00000000c6600000 NTAMS 0x00000000c6600000 space 1024K,   0% used [0x00000000c6600000, 0x00000000c6700000)
AC   0  F    TS     0 PTAMS 0x00000000c6700000 NTAMS 0x00000000c6700000 space 1024K,   0% used [0x00000000c6700000, 0x00000000c6800000)
AC   0  F    TS     0 PTAMS 0x00000000c6800000 NTAMS 0x00000000c6800000 space 1024K,   0% used [0x00000000c6800000, 0x00000000c6900000)
AC   0  F    TS     0 PTAMS 0x00000000c6900000 NTAMS 0x00000000c6900000 space 1024K,   0% used [0x00000000c6900000, 0x00000000c6a00000)
AC   0  F    TS     0 PTAMS 0x00000000c6a00000 NTAMS 0x00000000c6a00000 space 1024K,   0% used [0x00000000c6a00000, 0x00000000c6b00000)
AC   0  F    TS     0 PTAMS 0x00000000c6b00000 NTAMS 0x00000000c6b00000 space 1024K,   0% used [0x00000000c6b00000, 0x00000000c6c00000)
AC   0  F    TS     1 PTAMS 0x00000000c6c00000 NTAMS 0x00000000c6c00000 space 1024K,   0% used [0x00000000c6c00000, 0x00000000c6d00000)
AC   0  F    TS     1 PTAMS 0x00000000c6d00000 NTAMS 0x00000000c6d00000 space 1024K,   0% used [0x00000000c6d00000, 0x00000000c6e00000)
AC   0  F    TS     1 PTAMS 0x00000000c6e00000 NTAMS 0x00000000c6e00000 space 1024K,   0% used [0x00000000c6e00000, 0x00000000c6f00000)
AC   0  F    TS     1 PTAMS 0x00000000c6f00000 NTAMS 0x00000000c6f00000 space 1024K,   0% used [0x00000000c6f00000, 0x00000000c7000000)
AC   0  F    TS     1 PTAMS 0x00000000c7000000 NTAMS 0x00000000c7000000 space 1024K,   0% used [0x00000000c7000000, 0x00000000c7100000)
AC   0  F    TS     1 PTAMS 0x00000000c7100000 NTAMS 0x00000000c7100000 space 1024K,   0% used [0x00000000c7100000, 0x00000000c7200000)
AC   0  F    TS     1 PTAMS 0x00000000c7200000 NTAMS 0x00000000c7200000 space 1024K,   0% used [0x00000000c7200000, 0x00000000c7300000)
AC   0  F    TS     1 PTAMS 0x00000000c7300000 NTAMS 0x00000000c7300000 space 1024K,   0% used [0x00000000c7300000, 0x00000000c7400000)
AC   0  F    TS     1 PTAMS 0x00000000c7400000 NTAMS 0x00000000c7400000 space 1024K,   0% used [0x00000000c7400000, 0x00000000c7500000)
AC   0  F    TS     1 PTAMS 0x00000000c7500000 NTAMS 0x00000000c7500000 space 1024K,   0% used [0x00000000c7500000, 0x00000000c7600000)
AC   0  F    TS     1 PTAMS 0x00000000c7600000 NTAMS 0x00000000c7600000 space 1024K,   0% used [0x00000000c7600000, 0x00000000c7700000)
AC   0  F    TS     1 PTAMS 0x00000000c7700000 NTAMS 0x00000000c7700000 space 1024K,   0% used [0x00000000c7700000, 0x00000000c7800000)
AC   0  F    TS     1 PTAMS 0x00000000c7800000 NTAMS 0x00000000c7800000 space 1024K,   0% used [0x00000000c7800000, 0x00000000c7900000)
AC   0  F    TS     1 PTAMS 0x00000000c7900000 NTAMS 0x00000000c7900000 space 1024K,   0% used [0x00000000c7900000, 0x00000000c7a00000)
AC   0  F    TS     1 PTAMS 0x00000000c7a00000 NTAMS 0x00000000c7a00000 space 1024K,   0% used [0x00000000c7a00000, 0x00000000c7b00000)
AC   0  F    TS     1 PTAMS 0x00000000c7b00000 NTAMS 0x00000000c7b00000 space 1024K,   0% used [0x00000000c7b00000, 0x00000000c7c00000)
AC   0  F    TS     1 PTAMS 0x00000000c7c00000 NTAMS 0x00000000c7c00000 space 1024K,   0% used [0x00000000c7c00000, 0x00000000c7d00000)
AC   0  F    TS     0 PTAMS 0x00000000c7d00000 NTAMS 0x00000000c7d00000 space 1024K,   0% used [0x00000000c7d00000, 0x00000000c7e00000)
AC   0  F    TS     0 PTAMS 0x00000000c7e00000 NTAMS 0x00000000c7e00000 space 1024K,   0% used [0x00000000c7e00000, 0x00000000c7f00000)
AC   0  F    TS     0 PTAMS 0x00000000c7f00000 NTAMS 0x00000000c7f00000 space 1024K,   0% used [0x00000000c7f00000, 0x00000000c8000000)
AC   0  F    TS     0 PTAMS 0x00000000c8000000 NTAMS 0x00000000c8000000 space 1024K,   0% used [0x00000000c8000000, 0x00000000c8100000)
AC   0  F    TS     0 PTAMS 0x00000000c8100000 NTAMS 0x00000000c8100000 space 1024K,   0% used [0x00000000c8100000, 0x00000000c8200000)
AC   0  F    TS     0 PTAMS 0x00000000c8200000 NTAMS 0x00000000c8200000 space 1024K,   0% used [0x00000000c8200000, 0x00000000c8300000)
AC   0  F    TS     0 PTAMS 0x00000000c8300000 NTAMS 0x00000000c8300000 space 1024K,   0% used [0x00000000c8300000, 0x00000000c8400000)
AC   0  F    TS     0 PTAMS 0x00000000c8400000 NTAMS 0x00000000c8400000 space 1024K,   0% used [0x00000000c8400000, 0x00000000c8500000)
AC   0  F    TS     0 PTAMS 0x00000000c8500000 NTAMS 0x00000000c8500000 space 1024K,   0% used [0x00000000c8500000, 0x00000000c8600000)
AC   0  F    TS     0 PTAMS 0x00000000c8600000 NTAMS 0x00000000c8600000 space 1024K,   0% used [0x00000000c8600000, 0x00000000c8700000)
AC   0  F    TS     0 PTAMS 0x00000000c8700000 NTAMS 0x00000000c8700000 space 1024K,   0% used [0x00000000c8700000, 0x00000000c8800000)
AC   0  F    TS     0 PTAMS 0x00000000c8800000 NTAMS 0x00000000c8800000 space 1024K,   0% used [0x00000000c8800000, 0x00000000c8900000)
AC   0  F    TS     0 PTAMS 0x00000000c8900000 NTAMS 0x00000000c8900000 space 1024K,   0% used [0x00000000c8900000, 0x00000000c8a00000)
AC   0  F    TS     0 PTAMS 0x00000000c8a00000 NTAMS 0x00000000c8a00000 space 1024K,   0% used [0x00000000c8a00000, 0x00000000c8b00000)
AC   0  F    TS     0 PTAMS 0x00000000c8b00000 NTAMS 0x00000000c8b00000 space 1024K,   0% used [0x00000000c8b00000, 0x00000000c8c00000)
AC   0  F    TS     0 PTAMS 0x00000000c8c00000 NTAMS 0x00000000c8c00000 space 1024K,   0% used [0x00000000c8c00000, 0x00000000c8d00000)
AC   0  F    TS     0 PTAMS 0x00000000c8d00000 NTAMS 0x00000000c8d00000 space 1024K,   0% used [0x00000000c8d00000, 0x00000000c8e00000)
AC   0  F    TS     0 PTAMS 0x00000000c8e00000 NTAMS 0x00000000c8e00000 space 1024K,   0% used [0x00000000c8e00000, 0x00000000c8f00000)
AC   0  F    TS     0 PTAMS 0x00000000c8f00000 NTAMS 0x00000000c8f00000 space 1024K,   0% used [0x00000000c8f00000, 0x00000000c9000000)
AC   0  F    TS     0 PTAMS 0x00000000c9000000 NTAMS 0x00000000c9000000 space 1024K,   0% used [0x00000000c9000000, 0x00000000c9100000)
AC   0  F    TS     0 PTAMS 0x00000000c9100000 NTAMS 0x00000000c9100000 space 1024K,   0% used [0x00000000c9100000, 0x00000000c9200000)
AC   0  F    TS     0 PTAMS 0x00000000c9200000 NTAMS 0x00000000c9200000 space 1024K,   0% used [0x00000000c9200000, 0x00000000c9300000)
AC   0  F    TS     0 PTAMS 0x00000000c9300000 NTAMS 0x00000000c9300000 space 1024K,   0% used [0x00000000c9300000, 0x00000000c9400000)
AC   0  F    TS     0 PTAMS 0x00000000c9400000 NTAMS 0x00000000c9400000 space 1024K,   0% used [0x00000000c9400000, 0x00000000c9500000)
AC   0  F    TS     0 PTAMS 0x00000000c9500000 NTAMS 0x00000000c9500000 space 1024K,   0% used [0x00000000c9500000, 0x00000000c9600000)
AC   0  F    TS     0 PTAMS 0x00000000c9600000 NTAMS 0x00000000c9600000 space 1024K,   0% used [0x00000000c9600000, 0x00000000c9700000)
AC   0  F    TS     0 PTAMS 0x00000000c9700000 NTAMS 0x00000000c9700000 space 1024K,   0% used [0x00000000c9700000, 0x00000000c9800000)
AC   0  F    TS     0 PTAMS 0x00000000c9800000 NTAMS 0x00000000c9800000 space 1024K,   0% used [0x00000000c9800000, 0x00000000c9900000)
AC   0  F    TS     0 PTAMS 0x00000000c9900000 NTAMS 0x00000000c9900000 space 1024K,   0% used [0x00000000c9900000, 0x00000000c9a00000)
AC   0  F    TS     0 PTAMS 0x00000000c9a00000 NTAMS 0x00000000c9a00000 space 1024K,   0% used [0x00000000c9a00000, 0x00000000c9b00000)
AC   0  F    TS     0 PTAMS 0x00000000c9b00000 NTAMS 0x00000000c9b00000 space 1024K,   0% used [0x00000000c9b00000, 0x00000000c9c00000)
AC   0  F    TS     0 PTAMS 0x00000000c9c00000 NTAMS 0x00000000c9c00000 space 1024K,   0% used [0x00000000c9c00000, 0x00000000c9d00000)
AC   0  F    TS     0 PTAMS 0x00000000c9d00000 NTAMS 0x00000000c9d00000 space 1024K,   0% used [0x00000000c9d00000, 0x00000000c9e00000)
AC   0  F    TS     0 PTAMS 0x00000000c9e00000 NTAMS 0x00000000c9e00000 space 1024K,   0% used [0x00000000c9e00000, 0x00000000c9f00000)
AC   0  F    TS     0 PTAMS 0x00000000c9f00000 NTAMS 0x00000000c9f00000 space 1024K,   0% used [0x00000000c9f00000, 0x00000000ca000000)
AC   0  F    TS     0 PTAMS 0x00000000ca000000 NTAMS 0x00000000ca000000 space 1024K,   0% used [0x00000000ca000000, 0x00000000ca100000)
AC   0  F    TS     0 PTAMS 0x00000000ca100000 NTAMS 0x00000000ca100000 space 1024K,   0% used [0x00000000ca100000, 0x00000000ca200000)
AC   0  F    TS     0 PTAMS 0x00000000ca200000 NTAMS 0x00000000ca200000 space 1024K,   0% used [0x00000000ca200000, 0x00000000ca300000)
AC   0  F    TS     0 PTAMS 0x00000000ca300000 NTAMS 0x00000000ca300000 space 1024K,   0% used [0x00000000ca300000, 0x00000000ca400000)
AC   0  F    TS     0 PTAMS 0x00000000ca400000 NTAMS 0x00000000ca400000 space 1024K,   0% used [0x00000000ca400000, 0x00000000ca500000)
AC   0  F    TS     0 PTAMS 0x00000000ca500000 NTAMS 0x00000000ca500000 space 1024K,   0% used [0x00000000ca500000, 0x00000000ca600000)
AC   0  F    TS     0 PTAMS 0x00000000ca600000 NTAMS 0x00000000ca600000 space 1024K,   0% used [0x00000000ca600000, 0x00000000ca700000)
AC   0  F    TS     0 PTAMS 0x00000000ca700000 NTAMS 0x00000000ca700000 space 1024K,   0% used [0x00000000ca700000, 0x00000000ca800000)
AC   0  F    TS     0 PTAMS 0x00000000ca800000 NTAMS 0x00000000ca800000 space 1024K,   0% used [0x00000000ca800000, 0x00000000ca900000)
AC   0  F    TS     0 PTAMS 0x00000000ca900000 NTAMS 0x00000000ca900000 space 1024K,   0% used [0x00000000ca900000, 0x00000000caa00000)
AC   0  F    TS     0 PTAMS 0x00000000caa00000 NTAMS 0x00000000caa00000 space 1024K,   0% used [0x00000000caa00000, 0x00000000cab00000)
AC   0  F    TS     0 PTAMS 0x00000000cab00000 NTAMS 0x00000000cab00000 space 1024K,   0% used [0x00000000cab00000, 0x00000000cac00000)
AC   0  F    TS     0 PTAMS 0x00000000cac00000 NTAMS 0x00000000cac00000 space 1024K,   0% used [0x00000000cac00000, 0x00000000cad00000)
AC   0  F    TS     0 PTAMS 0x00000000cad00000 NTAMS 0x00000000cad00000 space 1024K,   0% used [0x00000000cad00000, 0x00000000cae00000)
AC   0  F    TS     0 PTAMS 0x00000000cae00000 NTAMS 0x00000000cae00000 space 1024K,   0% used [0x00000000cae00000, 0x00000000caf00000)
AC   0  F    TS     0 PTAMS 0x00000000caf00000 NTAMS 0x00000000caf00000 space 1024K,   0% used [0x00000000caf00000, 0x00000000cb000000)
AC   0  F    TS     0 PTAMS 0x00000000cb000000 NTAMS 0x00000000cb000000 space 1024K,   0% used [0x00000000cb000000, 0x00000000cb100000)
AC   0  F    TS     0 PTAMS 0x00000000cb100000 NTAMS 0x00000000cb100000 space 1024K,   0% used [0x00000000cb100000, 0x00000000cb200000)
AC   0  F    TS     0 PTAMS 0x00000000cb200000 NTAMS 0x00000000cb200000 space 1024K,   0% used [0x00000000cb200000, 0x00000000cb300000)
AC   0  F    TS     0 PTAMS 0x00000000cb300000 NTAMS 0x00000000cb300000 space 1024K,   0% used [0x00000000cb300000, 0x00000000cb400000)
AC   0  F    TS     0 PTAMS 0x00000000cb400000 NTAMS 0x00000000cb400000 space 1024K,   0% used [0x00000000cb400000, 0x00000000cb500000)
AC   0  F    TS     0 PTAMS 0x00000000cb500000 NTAMS 0x00000000cb500000 space 1024K,   0% used [0x00000000cb500000, 0x00000000cb600000)
AC   0  F    TS     0 PTAMS 0x00000000cb600000 NTAMS 0x00000000cb600000 space 1024K,   0% used [0x00000000cb600000, 0x00000000cb700000)
AC   0  F    TS     0 PTAMS 0x00000000cb700000 NTAMS 0x00000000cb700000 space 1024K,   0% used [0x00000000cb700000, 0x00000000cb800000)
AC   0  F    TS     0 PTAMS 0x00000000cb800000 NTAMS 0x00000000cb800000 space 1024K,   0% used [0x00000000cb800000, 0x00000000cb900000)
AC   0  F    TS     0 PTAMS 0x00000000cb900000 NTAMS 0x00000000cb900000 space 1024K,   0% used [0x00000000cb900000, 0x00000000cba00000)
AC   0  F    TS     0 PTAMS 0x00000000cba00000 NTAMS 0x00000000cba00000 space 1024K,   0% used [0x00000000cba00000, 0x00000000cbb00000)
AC   0  F    TS     0 PTAMS 0x00000000cbb00000 NTAMS 0x00000000cbb00000 space 1024K,   0% used [0x00000000cbb00000, 0x00000000cbc00000)
AC   0  F    TS     0 PTAMS 0x00000000cbc00000 NTAMS 0x00000000cbc00000 space 1024K,   0% used [0x00000000cbc00000, 0x00000000cbd00000)
AC   0  F    TS     0 PTAMS 0x00000000cbd00000 NTAMS 0x00000000cbd00000 space 1024K,   0% used [0x00000000cbd00000, 0x00000000cbe00000)
AC   0  F    TS     0 PTAMS 0x00000000cbe00000 NTAMS 0x00000000cbe00000 space 1024K,   0% used [0x00000000cbe00000, 0x00000000cbf00000)
AC   0  F    TS     0 PTAMS 0x00000000cbf00000 NTAMS 0x00000000cbf00000 space 1024K,   0% used [0x00000000cbf00000, 0x00000000cc000000)
AC   0  F    TS     0 PTAMS 0x00000000cc000000 NTAMS 0x00000000cc000000 space 1024K,   0% used [0x00000000cc000000, 0x00000000cc100000)
AC   0  F    TS     0 PTAMS 0x00000000cc100000 NTAMS 0x00000000cc100000 space 1024K,   0% used [0x00000000cc100000, 0x00000000cc200000)
AC   0  F    TS     0 PTAMS 0x00000000cc200000 NTAMS 0x00000000cc200000 space 1024K,   0% used [0x00000000cc200000, 0x00000000cc300000)
AC   0  F    TS     0 PTAMS 0x00000000cc300000 NTAMS 0x00000000cc300000 space 1024K,   0% used [0x00000000cc300000, 0x00000000cc400000)
AC   0  F    TS     0 PTAMS 0x00000000cc400000 NTAMS 0x00000000cc400000 space 1024K,   0% used [0x00000000cc400000, 0x00000000cc500000)
AC   0  F    TS     0 PTAMS 0x00000000cc500000 NTAMS 0x00000000cc500000 space 1024K,   0% used [0x00000000cc500000, 0x00000000cc600000)
AC   0  F    TS     0 PTAMS 0x00000000cc600000 NTAMS 0x00000000cc600000 space 1024K,   0% used [0x00000000cc600000, 0x00000000cc700000)
AC   0  F    TS     0 PTAMS 0x00000000cc700000 NTAMS 0x00000000cc700000 space 1024K,   0% used [0x00000000cc700000, 0x00000000cc800000)
AC   0  F    TS     0 PTAMS 0x00000000cc800000 NTAMS 0x00000000cc800000 space 1024K,   0% used [0x00000000cc800000, 0x00000000cc900000)
AC   0  F    TS     0 PTAMS 0x00000000cc900000 NTAMS 0x00000000cc900000 space 1024K,   0% used [0x00000000cc900000, 0x00000000cca00000)
AC   0  F    TS     0 PTAMS 0x00000000cca00000 NTAMS 0x00000000cca00000 space 1024K,   0% used [0x00000000cca00000, 0x00000000ccb00000)
AC   0  F    TS     0 PTAMS 0x00000000ccb00000 NTAMS 0x00000000ccb00000 space 1024K,   0% used [0x00000000ccb00000, 0x00000000ccc00000)
AC   0  F    TS     0 PTAMS 0x00000000ccc00000 NTAMS 0x00000000ccc00000 space 1024K,   0% used [0x00000000ccc00000, 0x00000000ccd00000)
AC   0  F    TS     0 PTAMS 0x00000000ccd00000 NTAMS 0x00000000ccd00000 space 1024K,   0% used [0x00000000ccd00000, 0x00000000cce00000)
AC   0  F    TS     0 PTAMS 0x00000000cce00000 NTAMS 0x00000000cce00000 space 1024K,   0% used [0x00000000cce00000, 0x00000000ccf00000)
AC   0  F    TS     0 PTAMS 0x00000000ccf00000 NTAMS 0x00000000ccf00000 space 1024K,   0% used [0x00000000ccf00000, 0x00000000cd000000)
AC   0  F    TS     0 PTAMS 0x00000000cd000000 NTAMS 0x00000000cd000000 space 1024K,   0% used [0x00000000cd000000, 0x00000000cd100000)
AC   0  F    TS     0 PTAMS 0x00000000cd100000 NTAMS 0x00000000cd100000 space 1024K,   0% used [0x00000000cd100000, 0x00000000cd200000)
AC   0  F    TS     0 PTAMS 0x00000000cd200000 NTAMS 0x00000000cd200000 space 1024K,   0% used [0x00000000cd200000, 0x00000000cd300000)
AC   0  F    TS     0 PTAMS 0x00000000cd300000 NTAMS 0x00000000cd300000 space 1024K,   0% used [0x00000000cd300000, 0x00000000cd400000)
AC   0  F    TS     0 PTAMS 0x00000000cd400000 NTAMS 0x00000000cd400000 space 1024K,   0% used [0x00000000cd400000, 0x00000000cd500000)
AC   0  F    TS     0 PTAMS 0x00000000cd500000 NTAMS 0x00000000cd500000 space 1024K,   0% used [0x00000000cd500000, 0x00000000cd600000)
AC   0  F    TS     0 PTAMS 0x00000000cd600000 NTAMS 0x00000000cd600000 space 1024K,   0% used [0x00000000cd600000, 0x00000000cd700000)
AC   0  F    TS     0 PTAMS 0x00000000cd700000 NTAMS 0x00000000cd700000 space 1024K,   0% used [0x00000000cd700000, 0x00000000cd800000)
AC   0  F    TS     0 PTAMS 0x00000000cd800000 NTAMS 0x00000000cd800000 space 1024K,   0% used [0x00000000cd800000, 0x00000000cd900000)
AC   0  F    TS     0 PTAMS 0x00000000cd900000 NTAMS 0x00000000cd900000 space 1024K,   0% used [0x00000000cd900000, 0x00000000cda00000)
AC   0  F    TS     0 PTAMS 0x00000000cda00000 NTAMS 0x00000000cda00000 space 1024K,   0% used [0x00000000cda00000, 0x00000000cdb00000)
AC   0  F    TS     0 PTAMS 0x00000000cdb00000 NTAMS 0x00000000cdb00000 space 1024K,   0% used [0x00000000cdb00000, 0x00000000cdc00000)
AC   0  F    TS     0 PTAMS 0x00000000cdc00000 NTAMS 0x00000000cdc00000 space 1024K,   0% used [0x00000000cdc00000, 0x00000000cdd00000)
AC   0  F    TS     0 PTAMS 0x00000000cdd00000 NTAMS 0x00000000cdd00000 space 1024K,   0% used [0x00000000cdd00000, 0x00000000cde00000)
AC   0  F    TS     0 PTAMS 0x00000000cde00000 NTAMS 0x00000000cde00000 space 1024K,   0% used [0x00000000cde00000, 0x00000000cdf00000)
AC   0  F    TS     0 PTAMS 0x00000000cdf00000 NTAMS 0x00000000cdf00000 space 1024K,   0% used [0x00000000cdf00000, 0x00000000ce000000)
AC   0  F    TS     0 PTAMS 0x00000000ce000000 NTAMS 0x00000000ce000000 space 1024K,   0% used [0x00000000ce000000, 0x00000000ce100000)
AC   0  F    TS     0 PTAMS 0x00000000ce100000 NTAMS 0x00000000ce100000 space 1024K,   0% used [0x00000000ce100000, 0x00000000ce200000)
AC   0  F    TS     0 PTAMS 0x00000000ce200000 NTAMS 0x00000000ce200000 space 1024K,   0% used [0x00000000ce200000, 0x00000000ce300000)
AC   0  F    TS     0 PTAMS 0x00000000ce300000 NTAMS 0x00000000ce300000 space 1024K,   0% used [0x00000000ce300000, 0x00000000ce400000)
AC   0  F    TS     0 PTAMS 0x00000000ce400000 NTAMS 0x00000000ce400000 space 1024K,   0% used [0x00000000ce400000, 0x00000000ce500000)
AC   0  F    TS     0 PTAMS 0x00000000ce500000 NTAMS 0x00000000ce500000 space 1024K,   0% used [0x00000000ce500000, 0x00000000ce600000)
AC   0  F    TS     0 PTAMS 0x00000000ce600000 NTAMS 0x00000000ce600000 space 1024K,   0% used [0x00000000ce600000, 0x00000000ce700000)
AC   0  F    TS     0 PTAMS 0x00000000ce700000 NTAMS 0x00000000ce700000 space 1024K,   0% used [0x00000000ce700000, 0x00000000ce800000)
AC   0  F    TS     0 PTAMS 0x00000000ce800000 NTAMS 0x00000000ce800000 space 1024K,   0% used [0x00000000ce800000, 0x00000000ce900000)
AC   0  F    TS     0 PTAMS 0x00000000ce900000 NTAMS 0x00000000ce900000 space 1024K,   0% used [0x00000000ce900000, 0x00000000cea00000)
AC   0  F    TS     0 PTAMS 0x00000000cea00000 NTAMS 0x00000000cea00000 space 1024K,   0% used [0x00000000cea00000, 0x00000000ceb00000)
AC   0  F    TS     0 PTAMS 0x00000000ceb00000 NTAMS 0x00000000ceb00000 space 1024K,   0% used [0x00000000ceb00000, 0x00000000cec00000)
AC   0  F    TS     0 PTAMS 0x00000000cec00000 NTAMS 0x00000000cec00000 space 1024K,   0% used [0x00000000cec00000, 0x00000000ced00000)
AC   0  F    TS     0 PTAMS 0x00000000ced00000 NTAMS 0x00000000ced00000 space 1024K,   0% used [0x00000000ced00000, 0x00000000cee00000)
AC   0  F    TS     0 PTAMS 0x00000000cee00000 NTAMS 0x00000000cee00000 space 1024K,   0% used [0x00000000cee00000, 0x00000000cef00000)
AC   0  F    TS     0 PTAMS 0x00000000cef00000 NTAMS 0x00000000cef00000 space 1024K,   0% used [0x00000000cef00000, 0x00000000cf000000)
AC   0  F    TS     0 PTAMS 0x00000000cf000000 NTAMS 0x00000000cf000000 space 1024K,   0% used [0x00000000cf000000, 0x00000000cf100000)
AC   0  S CS TS     3 PTAMS 0x00000000cf100000 NTAMS 0x00000000cf100000 space 1024K,  49% used [0x00000000cf100000, 0x00000000cf200000)
AC   0  S CS TS     3 PTAMS 0x00000000cf200000 NTAMS 0x00000000cf200000 space 1024K, 100% used [0x00000000cf200000, 0x00000000cf300000)
AC   0  S CS TS     3 PTAMS 0x00000000cf300000 NTAMS 0x00000000cf300000 space 1024K, 100% used [0x00000000cf300000, 0x00000000cf400000)
AC   0  F    TS     0 PTAMS 0x00000000cf400000 NTAMS 0x00000000cf400000 space 1024K,   0% used [0x00000000cf400000, 0x00000000cf500000)
AC   0  F    TS     0 PTAMS 0x00000000cf500000 NTAMS 0x00000000cf500000 space 1024K,   0% used [0x00000000cf500000, 0x00000000cf600000)
AC   0  F    TS     0 PTAMS 0x00000000cf600000 NTAMS 0x00000000cf600000 space 1024K,   0% used [0x00000000cf600000, 0x00000000cf700000)
AC   0  F    TS     0 PTAMS 0x00000000cf700000 NTAMS 0x00000000cf700000 space 1024K,   0% used [0x00000000cf700000, 0x00000000cf800000)
AC   0  F    TS     0 PTAMS 0x00000000cf800000 NTAMS 0x00000000cf800000 space 1024K,   0% used [0x00000000cf800000, 0x00000000cf900000)
AC   0  F    TS     0 PTAMS 0x00000000cf900000 NTAMS 0x00000000cf900000 space 1024K,   0% used [0x00000000cf900000, 0x00000000cfa00000)
AC   0  F    TS     0 PTAMS 0x00000000cfa00000 NTAMS 0x00000000cfa00000 space 1024K,   0% used [0x00000000cfa00000, 0x00000000cfb00000)
AC   0  F    TS     0 PTAMS 0x00000000cfb00000 NTAMS 0x00000000cfb00000 space 1024K,   0% used [0x00000000cfb00000, 0x00000000cfc00000)
AC   0  F    TS     0 PTAMS 0x00000000cfc00000 NTAMS 0x00000000cfc00000 space 1024K,   0% used [0x00000000cfc00000, 0x00000000cfd00000)
AC   0  F    TS     0 PTAMS 0x00000000cfd00000 NTAMS 0x00000000cfd00000 space 1024K,   0% used [0x00000000cfd00000, 0x00000000cfe00000)
AC   0  E    TS     0 PTAMS 0x00000000cfe00000 NTAMS 0x00000000cfe00000 space 1024K,  56% used [0x00000000cfe00000, 0x00000000cff00000)
AC   0  E CS TS     0 PTAMS 0x00000000cff00000 NTAMS 0x00000000cff00000 space 1024K, 100% used [0x00000000cff00000, 0x00000000d0000000)

Card table byte_map: [0x0000000013890000,0x0000000013a90000] byte_map_base: 0x0000000013290000

Marking Bits (Prev, Next): (CMBitMap*) 0x00000000032cba50, (CMBitMap*) 0x00000000032cb9f8
 Prev Bits: [0x0000000014c90000, 0x0000000015c90000)
 Next Bits: [0x0000000013c90000, 0x0000000014c90000)

Polling page: 0x00000000014c0000

CodeCache: size=245760Kb used=11005Kb max_used=11012Kb free=234754Kb
 bounds [0x0000000003390000, 0x0000000003e80000, 0x0000000012390000]
 total_blobs=3695 nmethods=3200 adapters=406
 compilation: enabled

Compilation events (10 events):
Event: 12.899 Thread 0x0000000018fd3800 3745       3       java.io.File::isFile (43 bytes)
Event: 12.899 Thread 0x0000000018fd3800 nmethod 3745 0x0000000003ad5610 code [0x0000000003ad5800, 0x0000000003ad6048]
Event: 12.906 Thread 0x0000000018fd3800 3746  s    3       java.io.ExpiringCache::put (70 bytes)
Event: 12.906 Thread 0x0000000018fd3800 nmethod 3746 0x00000000039c2010 code [0x00000000039c21e0, 0x00000000039c29c8]
Event: 12.930 Thread 0x0000000018fbf000 3747       4       java.lang.ref.ReferenceQueue::reallyPoll (66 bytes)
Event: 12.932 Thread 0x0000000018fd3800 3748       3       org.apache.lucene.store.ChecksumIndexInput::readByte (20 bytes)
Event: 12.932 Thread 0x0000000018fbf000 nmethod 3747 0x0000000003ae6750 code [0x0000000003ae6880, 0x0000000003ae6c18]
Event: 12.932 Thread 0x0000000018fd3800 nmethod 3748 0x0000000003ae18d0 code [0x0000000003ae1a40, 0x0000000003ae1d38]
Event: 12.932 Thread 0x0000000018fd3800 3749       3       java.lang.Integer::<init> (10 bytes)
Event: 12.932 Thread 0x0000000018fd3800 nmethod 3749 0x00000000035c7090 code [0x00000000035c7200, 0x00000000035c7410]

GC Heap History (10 events):
Event: 3.778 GC heap before
{Heap before GC invocations=1 (full 0):
 garbage-first heap   total 262144K, used 19877K [0x00000000c0000000, 0x00000000c0100800, 0x0000000100000000)
  region size 1024K, 18 young (18432K), 2 survivors (2048K)
 Metaspace       used 8326K, capacity 8470K, committed 8576K, reserved 1056768K
  class space    used 875K, capacity 888K, committed 896K, reserved 1048576K
Event: 3.796 GC heap after
Heap after GC invocations=2 (full 0):
 garbage-first heap   total 262144K, used 8784K [0x00000000c0000000, 0x00000000c0100800, 0x0000000100000000)
  region size 1024K, 3 young (3072K), 3 survivors (3072K)
 Metaspace       used 8326K, capacity 8470K, committed 8576K, reserved 1056768K
  class space    used 875K, capacity 888K, committed 896K, reserved 1048576K
}
Event: 7.003 GC heap before
{Heap before GC invocations=2 (full 0):
 garbage-first heap   total 262144K, used 45648K [0x00000000c0000000, 0x00000000c0100800, 0x0000000100000000)
  region size 1024K, 39 young (39936K), 3 survivors (3072K)
 Metaspace       used 15117K, capacity 15878K, committed 16256K, reserved 1062912K
  class space    used 1541K, capacity 1805K, committed 1920K, reserved 1048576K
Event: 7.025 GC heap after
Heap after GC invocations=3 (full 0):
 garbage-first heap   total 262144K, used 17408K [0x00000000c0000000, 0x00000000c0100800, 0x0000000100000000)
  region size 1024K, 5 young (5120K), 5 survivors (5120K)
 Metaspace       used 15117K, capacity 15878K, committed 16256K, reserved 1062912K
  class space    used 1541K, capacity 1805K, committed 1920K, reserved 1048576K
}
Event: 9.343 GC heap before
{Heap before GC invocations=3 (full 0):
 garbage-first heap   total 262144K, used 40960K [0x00000000c0000000, 0x00000000c0100800, 0x0000000100000000)
  region size 1024K, 29 young (29696K), 5 survivors (5120K)
 Metaspace       used 20157K, capacity 21114K, committed 21296K, reserved 1069056K
  class space    used 2036K, capacity 2383K, committed 2432K, reserved 1048576K
Event: 9.360 GC heap after
Heap after GC invocations=4 (full 0):
 garbage-first heap   total 262144K, used 24575K [0x00000000c0000000, 0x00000000c0100800, 0x0000000100000000)
  region size 1024K, 12 young (12288K), 12 survivors (12288K)
 Metaspace       used 20157K, capacity 21114K, committed 21296K, reserved 1069056K
  class space    used 2036K, capacity 2383K, committed 2432K, reserved 1048576K
}
Event: 12.501 GC heap before
{Heap before GC invocations=5 (full 0):
 garbage-first heap   total 262144K, used 140287K [0x00000000c0000000, 0x00000000c0100800, 0x0000000100000000)
  region size 1024K, 131 young (134144K), 12 survivors (12288K)
 Metaspace       used 33597K, capacity 35448K, committed 35584K, reserved 1081344K
  class space    used 3708K, capacity 4315K, committed 4352K, reserved 1048576K
Event: 12.527 GC heap after
Heap after GC invocations=6 (full 0):
 garbage-first heap   total 262144K, used 36307K [0x00000000c0000000, 0x00000000c0100800, 0x0000000100000000)
  region size 1024K, 17 young (17408K), 17 survivors (17408K)
 Metaspace       used 33597K, capacity 35448K, committed 35584K, reserved 1081344K
  class space    used 3708K, capacity 4315K, committed 4352K, reserved 1048576K
}
Event: 12.909 GC heap before
{Heap before GC invocations=6 (full 0):
 garbage-first heap   total 262144K, used 47571K [0x00000000c0000000, 0x00000000c0100800, 0x0000000100000000)
  region size 1024K, 29 young (29696K), 17 survivors (17408K)
 Metaspace       used 33975K, capacity 35834K, committed 35920K, reserved 1081344K
  class space    used 3751K, capacity 4380K, committed 4432K, reserved 1048576K
Event: 12.922 GC heap after
Heap after GC invocations=7 (full 0):
 garbage-first heap   total 262144K, used 35840K [0x00000000c0000000, 0x00000000c0100800, 0x0000000100000000)
  region size 1024K, 3 young (3072K), 3 survivors (3072K)
 Metaspace       used 33975K, capacity 35834K, committed 35920K, reserved 1081344K
  class space    used 3751K, capacity 4380K, committed 4432K, reserved 1048576K
}

Deoptimization events (10 events):
Event: 12.449 Thread 0x000000001b299800 Uncommon trap: reason=class_check action=maybe_recompile pc=0x000000000358072c method=java.util.regex.Pattern$7.isSatisfiedBy(I)Z @ 5
Event: 12.451 Thread 0x000000001b299800 Uncommon trap: reason=null_check action=make_not_entrant pc=0x0000000003a8018c method=org.eclipse.osgi.internal.loader.BundleLoader.addExportedProvidersFor(Ljava/lang/String;Ljava/util/List;Ljava/util/Collection;)V @ 115
Event: 12.464 Thread 0x000000001b299800 Uncommon trap: reason=class_check action=maybe_recompile pc=0x0000000003ca5c64 method=java.lang.reflect.Field.getAnnotation(Ljava/lang/Class;)Ljava/lang/annotation/Annotation; @ 19
Event: 12.487 Thread 0x000000001a2c1800 Uncommon trap: reason=unstable_if action=reinterpret pc=0x0000000003d03e0c method=java.util.concurrent.locks.ReentrantReadWriteLock$Sync.tryAcquireShared(I)I @ 81
Event: 12.553 Thread 0x000000001a2c1800 Uncommon trap: reason=unstable_if action=reinterpret pc=0x0000000003745970 method=java.util.concurrent.locks.ReentrantReadWriteLock$Sync.tryReleaseShared(I)Z @ 9
Event: 12.555 Thread 0x000000001b562800 Uncommon trap: reason=null_check action=make_not_entrant pc=0x0000000003909850 method=org.eclipse.osgi.internal.loader.BundleLoader.addExportedProvidersFor(Ljava/lang/String;Ljava/util/List;Ljava/util/Collection;)V @ 115
Event: 12.556 Thread 0x000000001b562800 Uncommon trap: reason=bimorphic action=maybe_recompile pc=0x000000000351d03c method=java.util.LinkedHashMap.afterNodeInsertion(Z)V @ 15
Event: 12.583 Thread 0x000000001b562800 Uncommon trap: reason=bimorphic action=maybe_recompile pc=0x000000000351d03c method=java.util.LinkedHashMap.afterNodeInsertion(Z)V @ 15
Event: 12.583 Thread 0x000000001b562800 Uncommon trap: reason=bimorphic action=maybe_recompile pc=0x000000000351d03c method=java.util.LinkedHashMap.afterNodeInsertion(Z)V @ 15
Event: 12.601 Thread 0x000000001b562800 Uncommon trap: reason=bimorphic action=maybe_recompile pc=0x000000000351d03c method=java.util.LinkedHashMap.afterNodeInsertion(Z)V @ 15

Classes redefined (0 events):
No events

Internal exceptions (10 events):
Event: 9.429 Thread 0x000000001a2c1800 Exception <a 'java/lang/ArrayIndexOutOfBoundsException'> (0x00000000cfdaab28) thrown at [C:\re\workspace\8-2-build-windows-amd64-cygwin\jdk8u161\10277\hotspot\src\share\vm\runtime\sharedRuntime.cpp, line 605]
Event: 9.429 Thread 0x000000001a2c1800 Exception <a 'java/lang/ArrayIndexOutOfBoundsException'> (0x00000000cfdaca68) thrown at [C:\re\workspace\8-2-build-windows-amd64-cygwin\jdk8u161\10277\hotspot\src\share\vm\runtime\sharedRuntime.cpp, line 605]
Event: 9.519 Thread 0x000000001a2c1800 Exception <a 'java/lang/ArrayIndexOutOfBoundsException': 73> (0x00000000cf221a38) thrown at [C:\re\workspace\8-2-build-windows-amd64-cygwin\jdk8u161\10277\hotspot\src\share\vm\interpreter\interpreterRuntime.cpp, line 366]
Event: 9.520 Thread 0x000000001a2c1800 Exception <a 'java/lang/ArrayIndexOutOfBoundsException': 131> (0x00000000cf2235c8) thrown at [C:\re\workspace\8-2-build-windows-amd64-cygwin\jdk8u161\10277\hotspot\src\share\vm\interpreter\interpreterRuntime.cpp, line 366]
Event: 10.700 Thread 0x000000001a2c1800 Exception <a 'java/lang/NoClassDefFoundError': com/google/inject/servlet/ServletModuleTargetVisitor> (0x00000000cad577f0) thrown at [C:\re\workspace\8-2-build-windows-amd64-cygwin\jdk8u161\10277\hotspot\src\share\vm\classfile\systemDictionary.cpp, line 19
Event: 10.700 Thread 0x000000001a2c1800 Exception <a 'java/lang/NoClassDefFoundError': javax/annotation/Priority> (0x00000000cad5de98) thrown at [C:\re\workspace\8-2-build-windows-amd64-cygwin\jdk8u161\10277\hotspot\src\share\vm\classfile\systemDictionary.cpp, line 199]
Event: 12.308 Thread 0x000000001b562800 Exception <a 'java/io/FileNotFoundException'> (0x00000000c8be9338) thrown at [C:\re\workspace\8-2-build-windows-amd64-cygwin\jdk8u161\10277\hotspot\src\share\vm\prims\jni.cpp, line 709]
Event: 12.451 Thread 0x000000001b299800 Implicit null exception at 0x0000000003a7a173 to 0x0000000003a8017d
Event: 12.466 Thread 0x000000001c743000 Exception <a 'sun/nio/fs/WindowsException'> (0x00000000c89b2270) thrown at [C:\re\workspace\8-2-build-windows-amd64-cygwin\jdk8u161\10277\hotspot\src\share\vm\prims\jni.cpp, line 709]
Event: 12.555 Thread 0x000000001b562800 Implicit null exception at 0x00000000039054eb to 0x0000000003909825

Events (10 events):
Event: 12.822 Thread 0x0000000018fd3800 flushing nmethod 0x0000000003ae7590
Event: 12.822 Thread 0x0000000018fd3800 flushing nmethod 0x0000000003ae8410
Event: 12.826 Thread 0x0000000018fd3800 flushing nmethod 0x0000000003cb8ed0
Event: 12.827 loading class sun/net/www/protocol/https/Handler
Event: 12.877 loading class sun/net/www/protocol/http/Handler
Event: 12.893 loading class sun/net/www/protocol/http/Handler done
Event: 12.893 loading class sun/net/www/protocol/https/Handler done
Event: 12.909 Executing VM operation: CollectForMetadataAllocation
Event: 12.922 Executing VM operation: CollectForMetadataAllocation done
Event: 12.931 Executing VM operation: RevokeBias


Dynamic libraries:
0x00007ff788bf0000 - 0x00007ff788c27000 	C:\Program Files\Java\jdk1.8.0_161\bin\java.exe
0x00007ffcde090000 - 0x00007ffcde271000 	C:\WINDOWS\SYSTEM32\ntdll.dll
0x00007ffcddcf0000 - 0x00007ffcddda2000 	C:\WINDOWS\System32\KERNEL32.DLL
0x00007ffcda870000 - 0x00007ffcdaae3000 	C:\WINDOWS\System32\KERNELBASE.dll
0x00007ffcdb6c0000 - 0x00007ffcdb761000 	C:\WINDOWS\System32\ADVAPI32.dll
0x00007ffcddbf0000 - 0x00007ffcddc8e000 	C:\WINDOWS\System32\msvcrt.dll
0x00007ffcdba00000 - 0x00007ffcdba5b000 	C:\WINDOWS\System32\sechost.dll
0x00007ffcdd590000 - 0x00007ffcdd6b4000 	C:\WINDOWS\System32\RPCRT4.dll
0x00007ffcdba60000 - 0x00007ffcdbbf0000 	C:\WINDOWS\System32\USER32.dll
0x00007ffcdb500000 - 0x00007ffcdb520000 	C:\WINDOWS\System32\win32u.dll
0x00007ffcdd480000 - 0x00007ffcdd4a8000 	C:\WINDOWS\System32\GDI32.dll
0x00007ffcdb310000 - 0x00007ffcdb4a2000 	C:\WINDOWS\System32\gdi32full.dll
0x00007ffcda650000 - 0x00007ffcda6ef000 	C:\WINDOWS\System32\msvcp_win.dll
0x00007ffcda6f0000 - 0x00007ffcda7ea000 	C:\WINDOWS\System32\ucrtbase.dll
0x00007ffcd1200000 - 0x00007ffcd1469000 	C:\WINDOWS\WinSxS\amd64_microsoft.windows.common-controls_6595b64144ccf1df_6.0.17134.523_none_fb409dd930672a56\COMCTL32.dll
0x00007ffcdd6c0000 - 0x00007ffcdd9e2000 	C:\WINDOWS\System32\combase.dll
0x00007ffcda7f0000 - 0x00007ffcda86a000 	C:\WINDOWS\System32\bcryptPrimitives.dll
0x00007ffcdb520000 - 0x00007ffcdb54d000 	C:\WINDOWS\System32\IMM32.DLL
0x0000000056790000 - 0x0000000056862000 	C:\Program Files\Java\jdk1.8.0_161\jre\bin\msvcr100.dll
0x0000000055bc0000 - 0x000000005645f000 	C:\Program Files\Java\jdk1.8.0_161\jre\bin\server\jvm.dll
0x00007ffcdb770000 - 0x00007ffcdb778000 	C:\WINDOWS\System32\PSAPI.DLL
0x00007ffcd7d50000 - 0x00007ffcd7d73000 	C:\WINDOWS\SYSTEM32\WINMM.dll
0x00007ffcce170000 - 0x00007ffcce17a000 	C:\WINDOWS\SYSTEM32\VERSION.dll
0x00007ffcb0e20000 - 0x00007ffcb0e29000 	C:\WINDOWS\SYSTEM32\WSOCK32.dll
0x00007ffcdd9f0000 - 0x00007ffcdda5c000 	C:\WINDOWS\System32\WS2_32.dll
0x00007ffcd7d10000 - 0x00007ffcd7d3a000 	C:\WINDOWS\SYSTEM32\winmmbase.dll
0x00007ffcdb4b0000 - 0x00007ffcdb4f9000 	C:\WINDOWS\System32\cfgmgr32.dll
0x0000000056780000 - 0x000000005678f000 	C:\Program Files\Java\jdk1.8.0_161\jre\bin\verify.dll
0x0000000056750000 - 0x0000000056779000 	C:\Program Files\Java\jdk1.8.0_161\jre\bin\java.dll
0x0000000056730000 - 0x0000000056746000 	C:\Program Files\Java\jdk1.8.0_161\jre\bin\zip.dll
0x00007ffcdc040000 - 0x00007ffcdd480000 	C:\WINDOWS\System32\SHELL32.dll
0x00007ffcddfb0000 - 0x00007ffcde059000 	C:\WINDOWS\System32\shcore.dll
0x00007ffcdac00000 - 0x00007ffcdb30d000 	C:\WINDOWS\System32\windows.storage.dll
0x00007ffcddc90000 - 0x00007ffcddce1000 	C:\WINDOWS\System32\shlwapi.dll
0x00007ffcda3d0000 - 0x00007ffcda3e1000 	C:\WINDOWS\System32\kernel.appcore.dll
0x00007ffcda3f0000 - 0x00007ffcda40f000 	C:\WINDOWS\System32\profapi.dll
0x00007ffcda410000 - 0x00007ffcda45c000 	C:\WINDOWS\System32\powrprof.dll
0x00007ffcda3a0000 - 0x00007ffcda3aa000 	C:\WINDOWS\System32\FLTLIB.DLL
0x00007ffcd9d50000 - 0x00007ffcd9d67000 	C:\WINDOWS\SYSTEM32\CRYPTSP.dll
0x00007ffcd9780000 - 0x00007ffcd97b3000 	C:\WINDOWS\system32\rsaenh.dll
0x00007ffcd9e80000 - 0x00007ffcd9ea5000 	C:\WINDOWS\SYSTEM32\bcrypt.dll
0x00007ffcda2a0000 - 0x00007ffcda2c8000 	C:\WINDOWS\SYSTEM32\USERENV.dll
0x00007ffcd9d70000 - 0x00007ffcd9d7b000 	C:\WINDOWS\SYSTEM32\CRYPTBASE.dll
0x0000000055ba0000 - 0x0000000055bba000 	C:\Program Files\Java\jdk1.8.0_161\jre\bin\net.dll
0x00007ffcd9ba0000 - 0x00007ffcd9c06000 	C:\WINDOWS\system32\mswsock.dll
0x00007ffcd9920000 - 0x00007ffcd9958000 	C:\WINDOWS\SYSTEM32\IPHLPAPI.DLL
0x00007ffcdd580000 - 0x00007ffcdd588000 	C:\WINDOWS\System32\NSI.dll
0x00007ffcd48c0000 - 0x00007ffcd48d6000 	C:\WINDOWS\SYSTEM32\dhcpcsvc6.DLL
0x00007ffcd4780000 - 0x00007ffcd479a000 	C:\WINDOWS\SYSTEM32\dhcpcsvc.DLL
0x0000000055b80000 - 0x0000000055b91000 	C:\Program Files\Java\jdk1.8.0_161\jre\bin\nio.dll
0x00007ffcb0970000 - 0x00007ffcb0999000 	C:\Users\lee\.vscode\extensions\redhat.java-0.37.0\server\config_win\org.eclipse.equinox.launcher\org.eclipse.equinox.launcher.win32.win32.x86_64_1.1.900.v20180922-1751\eclipse_1801.dll
0x00007ffcc5540000 - 0x00007ffcc5709000 	C:\WINDOWS\SYSTEM32\dbghelp.dll

VM Arguments:
jvm_args: -Declipse.application=org.eclipse.jdt.ls.core.id1 -Dosgi.bundles.defaultStartLevel=4 -Declipse.product=org.eclipse.jdt.ls.core.product -Xverify:none -Xmx1G -XX:+UseG1GC -XX:+UseStringDeduplication 
java_command: C:\Users\lee\.vscode\extensions\redhat.java-0.37.0\server\plugins\org.eclipse.equinox.launcher_1.5.200.v20180922-1751.jar -configuration C:\Users\lee\.vscode\extensions\redhat.java-0.37.0\server\config_win -data c:\Users\lee\AppData\Roaming\Code\User\workspaceStorage\109ca2520a61cbed01a459e9ab85db29\redhat.java\jdt_ws
java_class_path (initial): C:\Users\lee\.vscode\extensions\redhat.java-0.37.0\server\plugins\org.eclipse.equinox.launcher_1.5.200.v20180922-1751.jar
Launcher Type: SUN_STANDARD

Environment Variables:
JAVA_HOME=C:\Program Files\Java\jdk1.8.0_161
PATH=C:\Program Files (x86)\Common Files\NetSarang;C:\Program Files (x86)\Common Files\Oracle\Java\javapath;C:\ProgramData\Oracle\Java\javapath;C:\WINDOWS\system32;C:\WINDOWS;C:\WINDOWS\System32\Wbem;C:\WINDOWS\System32\WindowsPowerShell\v1.0\;C:\Program Files (x86)\Java\jdk1.7.0\bin;I:\apache-maven-3.5.2-bin\apache-maven-3.5.2\bin;I:\android\tools;I:\Redis;C:\Users\lee\AppData\Local\Programs\Python\Python36;C:\Users\lee\AppData\Local\Programs\Python\Python36\Scripts;I:\;C:\Program Files\nodejs\;C:\Android;C:\Windows\System32;C:\Program Files\Microsoft VS Code\bin;C:\Users\lee\AppData\Local\hyper;I:\Redis-x64-3.2.100;C:\MinGW\bin;I:\aaa\ssr;C:\Go\bin;C:\Program Files\Git\cmd;I:\phantomjs-2.1.1-windows\phantomjs-2.1.1-windows\bin;C:\Program Files (x86)\Tesseract-OCR;C:\WINDOWS\System32\OpenSSH\;C:\Users\lee\AppData\Local\Android\android-sdk\platform-tools;C:\flutter\bin;C:\Users\lee\AppData\Local\Microsoft\WindowsApps;C:\Program Files\Microsoft VS Code\bin;C:\Users\lee\AppData\Local\Programs\Fiddler;C:\Users\lee\AppData\Roaming\npm;C:\Users\lee\AppData\Local\hyper\app-2.0.0\resources\bin;C:\Users\lee\AppData\Local\Programs\Microsoft VS Code\bin;%USERPROFILE%\AppData\Local\Microsoft\WindowsApps;;C:\Users\lee\appdata\local\hyper\app-2.0.0\resources\bin
USERNAME=lee
OS=Windows_NT
PROCESSOR_IDENTIFIER=Intel64 Family 6 Model 60 Stepping 3, GenuineIntel



---------------  S Y S T E M  ---------------

OS: Windows 10.0 , 64 bit Build 17134 (10.0.17134.1)

CPU:total 4 (initial active 4) (4 cores per cpu, 1 threads per core) family 6 model 60 stepping 3, cmov, cx8, fxsr, mmx, sse, sse2, sse3, ssse3, sse4.1, sse4.2, popcnt, avx, avx2, aes, clmul, erms, lzcnt, tsc, tscinvbit, bmi1, bmi2

Memory: 4k page, physical 16692156k(8280780k free), swap 20231100k(11215596k free)

vm_info: Java HotSpot(TM) 64-Bit Server VM (25.161-b12) for windows-amd64 JRE (1.8.0_161-b12), built on Dec 19 2017 17:52:25 by "java_re" with MS VC++ 10.0 (VS2010)

time: Wed Jan 23 10:55:15 2019
elapsed time: 13 seconds (0d 0h 0m 13s)

